#! /c/Source/iverilog-install/bin/vvp
:ivl_version "12.0 (devel)" "(s20150603-1110-g18392a46)";
:ivl_delay_selection "TYPICAL";
:vpi_time_precision + 0;
:vpi_module "C:\iverilog\lib\ivl\system.vpi";
:vpi_module "C:\iverilog\lib\ivl\vhdl_sys.vpi";
:vpi_module "C:\iverilog\lib\ivl\vhdl_textio.vpi";
:vpi_module "C:\iverilog\lib\ivl\v2005_math.vpi";
:vpi_module "C:\iverilog\lib\ivl\va_math.vpi";
S_0000012c217b2e70 .scope module, "cpu_top_tb" "cpu_top_tb" 2 1;
 .timescale 0 0;
v0000012c2180e160_0 .var "clk", 0 0;
v0000012c2180d1c0_0 .var "rst", 0 0;
S_0000012c217b3000 .scope module, "uut" "cpu_top" 2 6, 3 1 0, S_0000012c217b2e70;
 .timescale 0 0;
    .port_info 0 /INPUT 1 "clk";
    .port_info 1 /INPUT 1 "rst";
v0000012c2180dbc0_0 .net "alu_control", 2 0, v0000012c217a0630_0;  1 drivers
v0000012c2180dc60_0 .net "alu_result", 31 0, v0000012c217a0d10_0;  1 drivers
v0000012c2180cea0_0 .net "clk", 0 0, v0000012c2180e160_0;  1 drivers
v0000012c2180e340_0 .net "instruction", 31 0, L_0000012c217b8370;  1 drivers
v0000012c2180e700_0 .net "mem_read", 0 0, v0000012c217a0130_0;  1 drivers
v0000012c2180d120_0 .net "mem_write", 0 0, v0000012c217a0db0_0;  1 drivers
v0000012c2180e7a0_0 .net "pc_out", 31 0, v0000012c217a04f0_0;  1 drivers
v0000012c2180e020_0 .net "read_data1", 31 0, L_0000012c217b8450;  1 drivers
v0000012c2180cd60_0 .net "read_data2", 31 0, L_0000012c217b8760;  1 drivers
v0000012c2180e200_0 .net "reg_write", 0 0, v0000012c217a0bd0_0;  1 drivers
v0000012c2180e5c0_0 .net "rst", 0 0, v0000012c2180d1c0_0;  1 drivers
L_0000012c2180cfe0 .part L_0000012c217b8370, 0, 7;
L_0000012c2180dda0 .part L_0000012c217b8370, 15, 5;
L_0000012c2180cf40 .part L_0000012c217b8370, 20, 5;
L_0000012c2180c900 .part L_0000012c217b8370, 7, 5;
S_0000012c217b04d0 .scope module, "alu_inst" "alu" 3 53, 4 1 0, S_0000012c217b3000;
 .timescale 0 0;
    .port_info 0 /INPUT 32 "a";
    .port_info 1 /INPUT 32 "b";
    .port_info 2 /INPUT 3 "alu_control";
    .port_info 3 /OUTPUT 32 "result";
v0000012c217a09f0_0 .net "a", 31 0, L_0000012c217b8450;  alias, 1 drivers
v0000012c217a0590_0 .net "alu_control", 2 0, v0000012c217a0630_0;  alias, 1 drivers
v0000012c217a0c70_0 .net "b", 31 0, L_0000012c217b8760;  alias, 1 drivers
v0000012c217a0d10_0 .var "result", 31 0;
E_0000012c217a1d80 .event anyedge, v0000012c217a0590_0, v0000012c217a09f0_0, v0000012c217a0c70_0;
S_0000012c217b0660 .scope module, "cu" "control_unit" 3 32, 5 1 0, S_0000012c217b3000;
 .timescale 0 0;
    .port_info 0 /INPUT 7 "opcode";
    .port_info 1 /OUTPUT 1 "reg_write";
    .port_info 2 /OUTPUT 1 "mem_read";
    .port_info 3 /OUTPUT 1 "mem_write";
    .port_info 4 /OUTPUT 3 "alu_control";
v0000012c217a0630_0 .var "alu_control", 2 0;
v0000012c217a0130_0 .var "mem_read", 0 0;
v0000012c217a0db0_0 .var "mem_write", 0 0;
v0000012c217a0a90_0 .net "opcode", 6 0, L_0000012c2180cfe0;  1 drivers
v0000012c217a0bd0_0 .var "reg_write", 0 0;
E_0000012c217a1b80 .event anyedge, v0000012c217a0a90_0;
S_0000012c217b07f0 .scope module, "imem" "instruction_memory" 3 26, 6 1 0, S_0000012c217b3000;
 .timescale 0 0;
    .port_info 0 /INPUT 32 "addr";
    .port_info 1 /OUTPUT 32 "instruction";
L_0000012c217b8370 .functor BUFZ 32, L_0000012c2180d260, C4<00000000000000000000000000000000>, C4<00000000000000000000000000000000>, C4<00000000000000000000000000000000>;
v0000012c217a0e50_0 .net *"_ivl_0", 31 0, L_0000012c2180d260;  1 drivers
v0000012c217a0770_0 .net *"_ivl_3", 4 0, L_0000012c2180cb80;  1 drivers
v0000012c217a01d0_0 .net *"_ivl_4", 6 0, L_0000012c2180d6c0;  1 drivers
L_0000012c2180e8c8 .functor BUFT 1, C4<00>, C4<0>, C4<0>, C4<0>;
v0000012c217a0270_0 .net *"_ivl_7", 1 0, L_0000012c2180e8c8;  1 drivers
v0000012c217a0310_0 .net "addr", 31 0, v0000012c217a04f0_0;  alias, 1 drivers
v0000012c217a0ef0_0 .net "instruction", 31 0, L_0000012c217b8370;  alias, 1 drivers
v0000012c217a0f90 .array "memory", 31 0, 31 0;
L_0000012c2180d260 .array/port v0000012c217a0f90, L_0000012c2180d6c0;
L_0000012c2180cb80 .part v0000012c217a04f0_0, 2, 5;
L_0000012c2180d6c0 .concat [ 5 2 0 0], L_0000012c2180cb80, L_0000012c2180e8c8;
S_0000012c217a3f00 .scope module, "pc_inst" "pc" 3 19, 7 1 0, S_0000012c217b3000;
 .timescale 0 0;
    .port_info 0 /INPUT 1 "clk";
    .port_info 1 /INPUT 1 "rst";
    .port_info 2 /OUTPUT 32 "pc_out";
v0000012c217a03b0_0 .net "clk", 0 0, v0000012c2180e160_0;  alias, 1 drivers
v0000012c217a04f0_0 .var "pc_out", 31 0;
v0000012c217a0810_0 .net "rst", 0 0, v0000012c2180d1c0_0;  alias, 1 drivers
E_0000012c217a16c0 .event posedge, v0000012c217a0810_0, v0000012c217a03b0_0;
S_0000012c217a4090 .scope module, "rf" "register_file" 3 41, 8 1 0, S_0000012c217b3000;
 .timescale 0 0;
    .port_info 0 /INPUT 1 "clk";
    .port_info 1 /INPUT 1 "reg_write";
    .port_info 2 /INPUT 5 "rs1";
    .port_info 3 /INPUT 5 "rs2";
    .port_info 4 /INPUT 5 "rd";
    .port_info 5 /INPUT 32 "write_data";
    .port_info 6 /OUTPUT 32 "read_data1";
    .port_info 7 /OUTPUT 32 "read_data2";
L_0000012c217b8450 .functor BUFZ 32, L_0000012c2180e2a0, C4<00000000000000000000000000000000>, C4<00000000000000000000000000000000>, C4<00000000000000000000000000000000>;
L_0000012c217b8760 .functor BUFZ 32, L_0000012c2180dd00, C4<00000000000000000000000000000000>, C4<00000000000000000000000000000000>, C4<00000000000000000000000000000000>;
v0000012c217a08b0_0 .net *"_ivl_0", 31 0, L_0000012c2180e2a0;  1 drivers
v0000012c217a0450_0 .net *"_ivl_10", 6 0, L_0000012c2180ce00;  1 drivers
L_0000012c2180e958 .functor BUFT 1, C4<00>, C4<0>, C4<0>, C4<0>;
v0000012c217a0950_0 .net *"_ivl_13", 1 0, L_0000012c2180e958;  1 drivers
v0000012c217a0b30_0 .net *"_ivl_2", 6 0, L_0000012c2180e3e0;  1 drivers
L_0000012c2180e910 .functor BUFT 1, C4<00>, C4<0>, C4<0>, C4<0>;
v0000012c2180d8a0_0 .net *"_ivl_5", 1 0, L_0000012c2180e910;  1 drivers
v0000012c2180e660_0 .net *"_ivl_8", 31 0, L_0000012c2180dd00;  1 drivers
v0000012c2180d300_0 .net "clk", 0 0, v0000012c2180e160_0;  alias, 1 drivers
v0000012c2180e480_0 .net "rd", 4 0, L_0000012c2180c900;  1 drivers
v0000012c2180de40_0 .net "read_data1", 31 0, L_0000012c217b8450;  alias, 1 drivers
v0000012c2180d9e0_0 .net "read_data2", 31 0, L_0000012c217b8760;  alias, 1 drivers
v0000012c2180da80_0 .net "reg_write", 0 0, v0000012c217a0bd0_0;  alias, 1 drivers
v0000012c2180e520 .array "registers", 31 0, 31 0;
v0000012c2180ccc0_0 .net "rs1", 4 0, L_0000012c2180dda0;  1 drivers
v0000012c2180d940_0 .net "rs2", 4 0, L_0000012c2180cf40;  1 drivers
v0000012c2180db20_0 .net "write_data", 31 0, v0000012c217a0d10_0;  alias, 1 drivers
E_0000012c217a1c00 .event posedge, v0000012c217a03b0_0;
L_0000012c2180e2a0 .array/port v0000012c2180e520, L_0000012c2180e3e0;
L_0000012c2180e3e0 .concat [ 5 2 0 0], L_0000012c2180dda0, L_0000012c2180e910;
L_0000012c2180dd00 .array/port v0000012c2180e520, L_0000012c2180ce00;
L_0000012c2180ce00 .concat [ 5 2 0 0], L_0000012c2180cf40, L_0000012c2180e958;
    .scope S_0000012c217a3f00;
T_0 ;
    %wait E_0000012c217a16c0;
    %load/vec4 v0000012c217a0810_0;
    %flag_set/vec4 8;
    %jmp/0xz  T_0.0, 8;
    %pushi/vec4 0, 0, 32;
    %assign/vec4 v0000012c217a04f0_0, 0;
    %jmp T_0.1;
T_0.0 ;
    %load/vec4 v0000012c217a04f0_0;
    %addi 4, 0, 32;
    %assign/vec4 v0000012c217a04f0_0, 0;
T_0.1 ;
    %jmp T_0;
    .thread T_0;
    .scope S_0000012c217b07f0;
T_1 ;
    %pushi/vec4 19, 0, 32;
    %ix/load 4, 0, 0;
    %flag_set/imm 4, 0;
    %store/vec4a v0000012c217a0f90, 4, 0;
    %pushi/vec4 1048723, 0, 32;
    %ix/load 4, 1, 0;
    %flag_set/imm 4, 0;
    %store/vec4a v0000012c217a0f90, 4, 0;
    %pushi/vec4 2097427, 0, 32;
    %ix/load 4, 2, 0;
    %flag_set/imm 4, 0;
    %store/vec4a v0000012c217a0f90, 4, 0;
    %pushi/vec4 3178899, 0, 32;
    %ix/load 4, 3, 0;
    %flag_set/imm 4, 0;
    %store/vec4a v0000012c217a0f90, 4, 0;
    %end;
    .thread T_1;
    .scope S_0000012c217b0660;
T_2 ;
    %wait E_0000012c217a1b80;
    %pushi/vec4 0, 0, 1;
    %store/vec4 v0000012c217a0bd0_0, 0, 1;
    %pushi/vec4 0, 0, 1;
    %store/vec4 v0000012c217a0130_0, 0, 1;
    %pushi/vec4 0, 0, 1;
    %store/vec4 v0000012c217a0db0_0, 0, 1;
    %pushi/vec4 0, 0, 3;
    %store/vec4 v0000012c217a0630_0, 0, 3;
    %load/vec4 v0000012c217a0a90_0;
    %dup/vec4;
    %pushi/vec4 51, 0, 7;
    %cmp/u;
    %jmp/1 T_2.0, 6;
    %dup/vec4;
    %pushi/vec4 3, 0, 7;
    %cmp/u;
    %jmp/1 T_2.1, 6;
    %dup/vec4;
    %pushi/vec4 35, 0, 7;
    %cmp/u;
    %jmp/1 T_2.2, 6;
    %jmp T_2.3;
T_2.0 ;
    %pushi/vec4 1, 0, 1;
    %store/vec4 v0000012c217a0bd0_0, 0, 1;
    %pushi/vec4 0, 0, 3;
    %store/vec4 v0000012c217a0630_0, 0, 3;
    %jmp T_2.3;
T_2.1 ;
    %pushi/vec4 1, 0, 1;
    %store/vec4 v0000012c217a0bd0_0, 0, 1;
    %pushi/vec4 1, 0, 1;
    %store/vec4 v0000012c217a0130_0, 0, 1;
    %pushi/vec4 0, 0, 3;
    %store/vec4 v0000012c217a0630_0, 0, 3;
    %jmp T_2.3;
T_2.2 ;
    %pushi/vec4 1, 0, 1;
    %store/vec4 v0000012c217a0db0_0, 0, 1;
    %pushi/vec4 0, 0, 3;
    %store/vec4 v0000012c217a0630_0, 0, 3;
    %jmp T_2.3;
T_2.3 ;
    %pop/vec4 1;
    %jmp T_2;
    .thread T_2, $push;
    .scope S_0000012c217a4090;
T_3 ;
    %wait E_0000012c217a1c00;
    %load/vec4 v0000012c2180da80_0;
    %load/vec4 v0000012c2180e480_0;
    %pad/u 32;
    %pushi/vec4 0, 0, 32;
    %cmp/ne;
    %flag_get/vec4 4;
    %and;
    %flag_set/vec4 8;
    %jmp/0xz  T_3.0, 8;
    %load/vec4 v0000012c2180db20_0;
    %load/vec4 v0000012c2180e480_0;
    %pad/u 7;
    %ix/vec4 3;
    %ix/load 4, 0, 0; Constant delay
    %assign/vec4/a/d v0000012c2180e520, 0, 4;
T_3.0 ;
    %jmp T_3;
    .thread T_3;
    .scope S_0000012c217b04d0;
T_4 ;
    %wait E_0000012c217a1d80;
    %load/vec4 v0000012c217a0590_0;
    %dup/vec4;
    %pushi/vec4 0, 0, 3;
    %cmp/u;
    %jmp/1 T_4.0, 6;
    %dup/vec4;
    %pushi/vec4 1, 0, 3;
    %cmp/u;
    %jmp/1 T_4.1, 6;
    %dup/vec4;
    %pushi/vec4 2, 0, 3;
    %cmp/u;
    %jmp/1 T_4.2, 6;
    %dup/vec4;
    %pushi/vec4 3, 0, 3;
    %cmp/u;
    %jmp/1 T_4.3, 6;
    %pushi/vec4 0, 0, 32;
    %store/vec4 v0000012c217a0d10_0, 0, 32;
    %jmp T_4.5;
T_4.0 ;
    %load/vec4 v0000012c217a09f0_0;
    %load/vec4 v0000012c217a0c70_0;
    %add;
    %store/vec4 v0000012c217a0d10_0, 0, 32;
    %jmp T_4.5;
T_4.1 ;
    %load/vec4 v0000012c217a09f0_0;
    %load/vec4 v0000012c217a0c70_0;
    %sub;
    %store/vec4 v0000012c217a0d10_0, 0, 32;
    %jmp T_4.5;
T_4.2 ;
    %load/vec4 v0000012c217a09f0_0;
    %load/vec4 v0000012c217a0c70_0;
    %and;
    %store/vec4 v0000012c217a0d10_0, 0, 32;
    %jmp T_4.5;
T_4.3 ;
    %load/vec4 v0000012c217a09f0_0;
    %load/vec4 v0000012c217a0c70_0;
    %or;
    %store/vec4 v0000012c217a0d10_0, 0, 32;
    %jmp T_4.5;
T_4.5 ;
    %pop/vec4 1;
    %jmp T_4;
    .thread T_4, $push;
    .scope S_0000012c217b2e70;
T_5 ;
    %delay 5, 0;
    %load/vec4 v0000012c2180e160_0;
    %inv;
    %store/vec4 v0000012c2180e160_0, 0, 1;
    %jmp T_5;
    .thread T_5;
    .scope S_0000012c217b2e70;
T_6 ;
    %vpi_call 2 15 "$dumpfile", "cpu.vcd" {0 0 0};
    %vpi_call 2 16 "$dumpvars", 32'sb00000000000000000000000000000000, S_0000012c217b2e70 {0 0 0};
    %pushi/vec4 0, 0, 1;
    %store/vec4 v0000012c2180e160_0, 0, 1;
    %pushi/vec4 1, 0, 1;
    %store/vec4 v0000012c2180d1c0_0, 0, 1;
    %delay 20, 0;
    %pushi/vec4 0, 0, 1;
    %store/vec4 v0000012c2180d1c0_0, 0, 1;
    %delay 200, 0;
    %vpi_call 2 23 "$finish" {0 0 0};
    %end;
    .thread T_6;
# The file index is used to find the file name in the following table.
:file_names 9;
    "N/A";
    "<interactive>";
    "testbench\cpu_top_tb.v";
    "rtl\cpu_top.v";
    "rtl\alu.v";
    "rtl\control_unit.v";
    "rtl\instruction_memory.v";
    "rtl\pc.v";
    "rtl\register_file.v";
